{"total": {"lines":{"total":1224,"covered":1138,"skipped":0,"pct":92.97},"statements":{"total":1310,"covered":1170,"skipped":0,"pct":89.31},"functions":{"total":241,"covered":240,"skipped":0,"pct":99.58},"branches":{"total":830,"covered":672,"skipped":0,"pct":80.96},"branchesTrue":{"total":0,"covered":0,"skipped":0,"pct":100}}
,"/tmp/fitlife_work/backend/src/app.js": {"lines":{"total":40,"covered":40,"skipped":0,"pct":100},"functions":{"total":2,"covered":2,"skipped":0,"pct":100},"statements":{"total":40,"covered":40,"skipped":0,"pct":100},"branches":{"total":0,"covered":0,"skipped":0,"pct":100}}
,"/tmp/fitlife_work/backend/src/database/db.js": {"lines":{"total":6,"covered":3,"skipped":0,"pct":50},"functions":{"total":0,"covered":0,"skipped":0,"pct":100},"statements":{"total":6,"covered":3,"skipped":0,"pct":50},"branches":{"total":8,"covered":4,"skipped":0,"pct":50}}
,"/tmp/fitlife_work/backend/src/database/sqliteDb.js": {"lines":{"total":15,"covered":13,"skipped":0,"pct":86.66},"functions":{"total":6,"covered":6,"skipped":0,"pct":100},"statements":{"total":15,"covered":13,"skipped":0,"pct":86.66},"branches":{"total":6,"covered":4,"skipped":0,"pct":66.66}}
,"/tmp/fitlife_work/backend/src/middleware/authMiddleware.js": {"lines":{"total":20,"covered":20,"skipped":0,"pct":100},"functions":{"total":2,"covered":2,"skipped":0,"pct":100},"statements":{"total":20,"covered":20,"skipped":0,"pct":100},"branches":{"total":10,"covered":10,"skipped":0,"pct":100}}
,"/tmp/fitlife_work/backend/src/middleware/observabilityMiddleware.js": {"lines":{"total":19,"covered":19,"skipped":0,"pct":100},"functions":{"total":3,"covered":3,"skipped":0,"pct":100},"statements":{"total":19,"covered":19,"skipped":0,"pct":100},"branches":{"total":14,"covered":14,"skipped":0,"pct":100}}
,"/tmp/fitlife_work/backend/src/middleware/roleMiddleware.js": {"lines":{"total":8,"covered":8,"skipped":0,"pct":100},"functions":{"total":2,"covered":2,"skipped":0,"pct":100},"statements":{"total":8,"covered":8,"skipped":0,"pct":100},"branches":{"total":4,"covered":4,"skipped":0,"pct":100}}
,"/tmp/fitlife_work/backend/src/modules/admin/adminController.js": {"lines":{"total":61,"covered":61,"skipped":0,"pct":100},"functions":{"total":21,"covered":21,"skipped":0,"pct":100},"statements":{"total":74,"covered":74,"skipped":0,"pct":100},"branches":{"total":53,"covered":51,"skipped":0,"pct":96.22}}
,"/tmp/fitlife_work/backend/src/modules/admin/adminRoutes.js": {"lines":{"total":14,"covered":14,"skipped":0,"pct":100},"functions":{"total":0,"covered":0,"skipped":0,"pct":100},"statements":{"total":14,"covered":14,"skipped":0,"pct":100},"branches":{"total":0,"covered":0,"skipped":0,"pct":100}}
,"/tmp/fitlife_work/backend/src/modules/auth/authController.js": {"lines":{"total":59,"covered":59,"skipped":0,"pct":100},"functions":{"total":9,"covered":9,"skipped":0,"pct":100},"statements":{"total":59,"covered":59,"skipped":0,"pct":100},"branches":{"total":41,"covered":40,"skipped":0,"pct":97.56}}
,"/tmp/fitlife_work/backend/src/modules/auth/authRoutes.js": {"lines":{"total":8,"covered":8,"skipped":0,"pct":100},"functions":{"total":0,"covered":0,"skipped":0,"pct":100},"statements":{"total":8,"covered":8,"skipped":0,"pct":100},"branches":{"total":0,"covered":0,"skipped":0,"pct":100}}
,"/tmp/fitlife_work/backend/src/modules/bookings/bookingController.js": {"lines":{"total":55,"covered":53,"skipped":0,"pct":96.36},"functions":{"total":12,"covered":12,"skipped":0,"pct":100},"statements":{"total":55,"covered":53,"skipped":0,"pct":96.36},"branches":{"total":42,"covered":41,"skipped":0,"pct":97.61}}
,"/tmp/fitlife_work/backend/src/modules/bookings/bookingRoutes.js": {"lines":{"total":10,"covered":10,"skipped":0,"pct":100},"functions":{"total":0,"covered":0,"skipped":0,"pct":100},"statements":{"total":10,"covered":10,"skipped":0,"pct":100},"branches":{"total":0,"covered":0,"skipped":0,"pct":100}}
,"/tmp/fitlife_work/backend/src/modules/checkins/checkinController.js": {"lines":{"total":24,"covered":23,"skipped":0,"pct":95.83},"functions":{"total":5,"covered":5,"skipped":0,"pct":100},"statements":{"total":24,"covered":23,"skipped":0,"pct":95.83},"branches":{"total":21,"covered":19,"skipped":0,"pct":90.47}}
,"/tmp/fitlife_work/backend/src/modules/checkins/checkinRoutes.js": {"lines":{"total":9,"covered":9,"skipped":0,"pct":100},"functions":{"total":0,"covered":0,"skipped":0,"pct":100},"statements":{"total":9,"covered":9,"skipped":0,"pct":100},"branches":{"total":0,"covered":0,"skipped":0,"pct":100}}
,"/tmp/fitlife_work/backend/src/modules/classes/classController.js": {"lines":{"total":30,"covered":29,"skipped":0,"pct":96.66},"functions":{"total":8,"covered":8,"skipped":0,"pct":100},"statements":{"total":30,"covered":29,"skipped":0,"pct":96.66},"branches":{"total":43,"covered":40,"skipped":0,"pct":93.02}}
,"/tmp/fitlife_work/backend/src/modules/classes/classRoutes.js": {"lines":{"total":11,"covered":11,"skipped":0,"pct":100},"functions":{"total":0,"covered":0,"skipped":0,"pct":100},"statements":{"total":11,"covered":11,"skipped":0,"pct":100},"branches":{"total":0,"covered":0,"skipped":0,"pct":100}}
,"/tmp/fitlife_work/backend/src/modules/consultations/consultationController.js": {"lines":{"total":36,"covered":36,"skipped":0,"pct":100},"functions":{"total":7,"covered":7,"skipped":0,"pct":100},"statements":{"total":36,"covered":36,"skipped":0,"pct":100},"branches":{"total":22,"covered":22,"skipped":0,"pct":100}}
,"/tmp/fitlife_work/backend/src/modules/consultations/consultationRoutes.js": {"lines":{"total":9,"covered":9,"skipped":0,"pct":100},"functions":{"total":0,"covered":0,"skipped":0,"pct":100},"statements":{"total":9,"covered":9,"skipped":0,"pct":100},"branches":{"total":0,"covered":0,"skipped":0,"pct":100}}
,"/tmp/fitlife_work/backend/src/modules/members/memberController.js": {"lines":{"total":96,"covered":76,"skipped":0,"pct":79.16},"functions":{"total":26,"covered":25,"skipped":0,"pct":96.15},"statements":{"total":96,"covered":76,"skipped":0,"pct":79.16},"branches":{"total":85,"covered":56,"skipped":0,"pct":65.88}}
,"/tmp/fitlife_work/backend/src/modules/members/memberRoutes.js": {"lines":{"total":13,"covered":13,"skipped":0,"pct":100},"functions":{"total":0,"covered":0,"skipped":0,"pct":100},"statements":{"total":13,"covered":13,"skipped":0,"pct":100},"branches":{"total":0,"covered":0,"skipped":0,"pct":100}}
,"/tmp/fitlife_work/backend/src/modules/memberships/membershipController.js": {"lines":{"total":88,"covered":87,"skipped":0,"pct":98.86},"functions":{"total":19,"covered":19,"skipped":0,"pct":100},"statements":{"total":88,"covered":87,"skipped":0,"pct":98.86},"branches":{"total":67,"covered":60,"skipped":0,"pct":89.55}}
,"/tmp/fitlife_work/backend/src/modules/memberships/membershipRoutes.js": {"lines":{"total":14,"covered":14,"skipped":0,"pct":100},"functions":{"total":0,"covered":0,"skipped":0,"pct":100},"statements":{"total":14,"covered":14,"skipped":0,"pct":100},"branches":{"total":0,"covered":0,"skipped":0,"pct":100}}
,"/tmp/fitlife_work/backend/src/modules/payments/paymentController.js": {"lines":{"total":77,"covered":77,"skipped":0,"pct":100},"functions":{"total":21,"covered":21,"skipped":0,"pct":100},"statements":{"total":88,"covered":88,"skipped":0,"pct":100},"branches":{"total":81,"covered":78,"skipped":0,"pct":96.29}}
,"/tmp/fitlife_work/backend/src/modules/payments/paymentRoutes.js": {"lines":{"total":14,"covered":14,"skipped":0,"pct":100},"functions":{"total":0,"covered":0,"skipped":0,"pct":100},"statements":{"total":14,"covered":14,"skipped":0,"pct":100},"branches":{"total":0,"covered":0,"skipped":0,"pct":100}}
,"/tmp/fitlife_work/backend/src/modules/plans/planController.js": {"lines":{"total":37,"covered":36,"skipped":0,"pct":97.29},"functions":{"total":10,"covered":10,"skipped":0,"pct":100},"statements":{"total":37,"covered":36,"skipped":0,"pct":97.29},"branches":{"total":42,"covered":41,"skipped":0,"pct":97.61}}
,"/tmp/fitlife_work/backend/src/modules/plans/planRoutes.js": {"lines":{"total":12,"covered":12,"skipped":0,"pct":100},"functions":{"total":0,"covered":0,"skipped":0,"pct":100},"statements":{"total":12,"covered":12,"skipped":0,"pct":100},"branches":{"total":0,"covered":0,"skipped":0,"pct":100}}
,"/tmp/fitlife_work/backend/src/modules/reports/reportController.js": {"lines":{"total":22,"covered":22,"skipped":0,"pct":100},"functions":{"total":7,"covered":7,"skipped":0,"pct":100},"statements":{"total":22,"covered":22,"skipped":0,"pct":100},"branches":{"total":6,"covered":6,"skipped":0,"pct":100}}
,"/tmp/fitlife_work/backend/src/modules/reports/reportRoutes.js": {"lines":{"total":7,"covered":7,"skipped":0,"pct":100},"functions":{"total":0,"covered":0,"skipped":0,"pct":100},"statements":{"total":7,"covered":7,"skipped":0,"pct":100},"branches":{"total":0,"covered":0,"skipped":0,"pct":100}}
,"/tmp/fitlife_work/backend/src/modules/trainers/trainerController.js": {"lines":{"total":73,"covered":56,"skipped":0,"pct":76.71},"functions":{"total":18,"covered":18,"skipped":0,"pct":100},"statements":{"total":73,"covered":56,"skipped":0,"pct":76.71},"branches":{"total":67,"covered":42,"skipped":0,"pct":62.68}}
,"/tmp/fitlife_work/backend/src/modules/trainers/trainerRoutes.js": {"lines":{"total":13,"covered":13,"skipped":0,"pct":100},"functions":{"total":0,"covered":0,"skipped":0,"pct":100},"statements":{"total":13,"covered":13,"skipped":0,"pct":100},"branches":{"total":0,"covered":0,"skipped":0,"pct":100}}
,"/tmp/fitlife_work/backend/src/modules/user/userController.js": {"lines":{"total":296,"covered":258,"skipped":0,"pct":87.16},"functions":{"total":63,"covered":63,"skipped":0,"pct":100},"statements":{"total":358,"covered":266,"skipped":0,"pct":74.3},"branches":{"total":218,"covered":140,"skipped":0,"pct":64.22}}
,"/tmp/fitlife_work/backend/src/modules/user/userRoutes.js": {"lines":{"total":28,"covered":28,"skipped":0,"pct":100},"functions":{"total":0,"covered":0,"skipped":0,"pct":100},"statements":{"total":28,"covered":28,"skipped":0,"pct":100},"branches":{"total":0,"covered":0,"skipped":0,"pct":100}}
}
